<?xml version="1.0" encoding="UTF-8"?>
<!-- Generated by org.testng.reporters.JUnitReportReporter -->
<testsuite skipped="0" hostname="dell" name="testngasserts.TestNG_testparameters" tests="1" failures="0" timestamp="01 Apr 2021 17:17:12 GMT" time="0.011" errors="0">
  <testcase name="testMethod1" time="0.011" classname="testngasserts.TestNG_testparameters"/>
</testsuite> <!-- testngasserts.TestNG_testparameters -->
