<?xml version="1.0" encoding="UTF-8"?>
<!-- Generated by org.testng.reporters.JUnitReportReporter -->
<testsuite skipped="0" hostname="dell" name="testngasserts.Testngpriority" tests="3" failures="0" timestamp="31 Mar 2021 18:37:00 GMT" time="0.022" errors="0">
  <testcase name="f3" time="0.007" classname="testngasserts.Testngpriority"/>
  <testcase name="f1" time="0.012" classname="testngasserts.Testngpriority"/>
  <testcase name="f2" time="0.003" classname="testngasserts.Testngpriority"/>
</testsuite> <!-- testngasserts.Testngpriority -->
