<?xml version="1.0" encoding="UTF-8"?>
<!-- Generated by org.testng.reporters.JUnitReportReporter -->
<testsuite skipped="0" hostname="dell" name="testngasserts.TestNG_parallel2" tests="2" failures="0" timestamp="01 Apr 2021 17:17:38 GMT" time="12.024" errors="0">
  <testcase name="testMethod4" time="6.020" classname="testngasserts.TestNG_parallel2"/>
  <testcase name="testMethod3" time="6.004" classname="testngasserts.TestNG_parallel2"/>
</testsuite> <!-- testngasserts.TestNG_parallel2 -->
