<?xml version="1.0" encoding="UTF-8"?>
<!-- Generated by org.testng.reporters.JUnitReportReporter -->
<testsuite skipped="0" hostname="dell" name="testngasserts.TestNG_DataProviders" tests="3" failures="0" timestamp="01 Apr 2021 17:59:47 GMT" time="0.025" errors="0">
  <testcase name="testMethod1" time="0.008" classname="testngasserts.TestNG_DataProviders"/>
  <testcase name="testMethod1" time="0.002" classname="testngasserts.TestNG_DataProviders"/>
  <testcase name="testMethod1" time="0.015" classname="testngasserts.TestNG_DataProviders"/>
</testsuite> <!-- testngasserts.TestNG_DataProviders -->
