<?xml version="1.0" encoding="UTF-8"?>
<!-- Generated by org.testng.reporters.JUnitReportReporter -->
<testsuite skipped="0" hostname="dell" name="testngasserts.TestNG_Parallel1" tests="2" failures="0" timestamp="01 Apr 2021 17:17:38 GMT" time="12.050" errors="0">
  <testcase name="testMethod2" time="6.025" classname="testngasserts.TestNG_Parallel1"/>
  <testcase name="testMethod1" time="6.025" classname="testngasserts.TestNG_Parallel1"/>
</testsuite> <!-- testngasserts.TestNG_Parallel1 -->
