<?xml version="1.0" encoding="UTF-8"?>
<!-- Generated by org.testng.reporters.JUnitReportReporter -->
<testsuite skipped="0" hostname="dell" name="testngasserts.Testnggrouping" tests="3" failures="0" timestamp="31 Mar 2021 19:27:04 GMT" time="0.034" errors="0">
  <testcase name="testhondaCBR" time="0.006" classname="testngasserts.Testnggrouping"/>
  <testcase name="testNinja" time="0.002" classname="testngasserts.Testnggrouping"/>
  <testcase name="testBMWX6" time="0.026" classname="testngasserts.Testnggrouping"/>
</testsuite> <!-- testngasserts.Testnggrouping -->
