<?xml version="1.0" encoding="UTF-8"?>
<!-- Generated by org.testng.reporters.JUnitReportReporter -->
<testsuite skipped="0" hostname="dell" name="testngasserts.Aalltestrun" tests="1" failures="0" timestamp="31 Mar 2021 17:57:46 GMT" time="0.012" errors="0">
  <testcase name="f" time="0.012" classname="testngasserts.Aalltestrun"/>
</testsuite> <!-- testngasserts.Aalltestrun -->
