<?xml version="1.0" encoding="UTF-8"?>
<!-- Generated by org.testng.reporters.JUnitReportReporter -->
<testsuite skipped="0" hostname="user" name="tests.HomeTest" tests="3" failures="0" timestamp="15 Apr 2021 18:36:48 GMT" time="30.243" errors="0">
  <testcase name="delete_computer" time="8.606" classname="tests.HomeTest"/>
  <testcase name="fliter_computer" time="7.604" classname="tests.HomeTest"/>
  <testcase name="add_computer" time="14.033" classname="tests.HomeTest"/>
</testsuite> <!-- tests.HomeTest -->
