<?xml version="1.0" encoding="UTF-8"?>
<!-- Generated by org.testng.reporters.JUnitReportReporter -->
<testsuite skipped="0" hostname="dell" name="basicweb.WindowsAuthentication" tests="1" failures="0" timestamp="05 Apr 2021 20:06:09 GMT" time="0.886" errors="0">
  <testcase name="handleAuthenticationon" time="0.886" classname="basicweb.WindowsAuthentication"/>
</testsuite> <!-- basicweb.WindowsAuthentication -->
